2026-01-02 09:44:53 - collision_risk - INFO - Engineering features for 1000 CDM records
2026-01-02 09:44:54 - collision_risk - INFO - Feature engineering complete. Generated 27 features
2026-01-02 09:46:58 - collision_risk - INFO - Engineering features for 100 CDM records
2026-01-02 09:46:58 - collision_risk - INFO - Feature engineering complete. Generated 27 features
2026-01-02 09:58:25 - collision_risk - INFO - Engineering features for 1000 CDM records
2026-01-02 09:58:25 - collision_risk - INFO - Feature engineering complete. Generated 27 features
2026-01-03 22:14:02,620 - __main__ - INFO - Starting training pipeline...
2026-01-03 22:14:02,630 - __main__ - INFO - Loaded 3290 records.
2026-01-03 22:14:05,210 - __main__ - INFO - Training for 50 epochs...
2026-01-03 22:14:05,495 - __main__ - INFO - Epoch [10/50], Train Loss: 0.000337, Val Loss: 0.000696
2026-01-03 22:14:05,601 - __main__ - INFO - Epoch [20/50], Train Loss: 0.000202, Val Loss: 0.000280
2026-01-03 22:14:05,723 - __main__ - INFO - Epoch [30/50], Train Loss: 0.000029, Val Loss: 0.000047
2026-01-03 22:14:05,868 - __main__ - INFO - Epoch [40/50], Train Loss: 0.000015, Val Loss: 0.000004
2026-01-03 22:14:06,008 - __main__ - INFO - Epoch [50/50], Train Loss: 0.000020, Val Loss: 0.000011
2026-01-03 22:14:23,991 - __main__ - INFO - Starting training pipeline...
2026-01-03 22:14:24,004 - __main__ - INFO - Loaded 3290 records.
2026-01-03 22:14:25,714 - __main__ - INFO - Training for 50 epochs...
2026-01-03 22:14:25,840 - __main__ - INFO - Epoch [10/50], Train Loss: 0.002457, Val Loss: 0.003343
2026-01-03 22:14:25,943 - __main__ - INFO - Epoch [20/50], Train Loss: 0.000708, Val Loss: 0.000690
2026-01-03 22:14:26,066 - __main__ - INFO - Epoch [30/50], Train Loss: 0.000122, Val Loss: 0.000149
2026-01-03 22:14:26,179 - __main__ - INFO - Epoch [40/50], Train Loss: 0.000019, Val Loss: 0.000007
2026-01-03 22:14:26,290 - __main__ - INFO - Epoch [50/50], Train Loss: 0.000031, Val Loss: 0.000012
2026-01-03 22:14:26,414 - __main__ - INFO - Model saved to models/lstm_model.pth
2026-01-03 22:14:40,951 - __main__ - INFO - Starting inference pipeline...
2026-01-03 22:14:41,560 - __main__ - INFO - Predicting...
2026-01-03 22:14:41,566 - __main__ - INFO - Estimating Certainty...
2026-01-03 22:15:03,807 - __main__ - INFO - Starting inference pipeline...
2026-01-03 22:15:04,349 - __main__ - INFO - Predicting...
2026-01-03 22:15:04,354 - __main__ - INFO - Estimating Certainty...
2026-01-03 22:15:07,466 - __main__ - INFO - Predictions saved to results/predictions_lstm.csv
